0 info it worked if it ends with ok
1 verbose cli [ 'node', '/usr/local/bin/npm', 'version', '0.1.1' ]
2 info using npm@1.3.11
3 info using node@v0.10.18
4 error Error: Git working directory not clean.
4 error M .gitignore
4 error     at /usr/local/lib/node_modules/npm/lib/version.js:97:35
4 error     at ChildProcess.exithandler (child_process.js:635:7)
4 error     at ChildProcess.EventEmitter.emit (events.js:98:17)
4 error     at maybeClose (child_process.js:735:16)
4 error     at Process.ChildProcess._handle.onexit (child_process.js:802:5)
5 error If you need help, you may report this log at:
5 error     <http://github.com/isaacs/npm/issues>
5 error or email it to:
5 error     <npm-@googlegroups.com>
6 error System Darwin 12.4.0
7 error command "node" "/usr/local/bin/npm" "version" "0.1.1"
8 error cwd /Users/Wildhoney/Webroot/Vik
9 error node -v v0.10.18
10 error npm -v 1.3.11
11 verbose exit [ 1, true ]
